\BOOKMARK [1][-]{section.1}{\376\377\000I\000n\000t\000r\000o\000d\000u\000c\000t\000i\000o\000n}{}% 1
\BOOKMARK [1][-]{section.2}{\376\377\000P\000h\000a\000s\000e\000-\000t\000y\000p\000e\000\040\000d\000i\000s\000t\000r\000i\000b\000u\000t\000i\000o\000n}{}% 2
\BOOKMARK [2][-]{subsection.2.1}{\376\377\000I\000n\000t\000r\000o\000d\000u\000c\000t\000i\000o\000n}{section.2}% 3
\BOOKMARK [2][-]{subsection.2.2}{\376\377\000T\000h\000e\000\040\000c\000o\000a\000l\000e\000s\000c\000e\000n\000t}{section.2}% 4
\BOOKMARK [2][-]{subsection.2.3}{\376\377\000M\000o\000m\000e\000n\000t\000s}{section.2}% 5
\BOOKMARK [2][-]{subsection.2.4}{\376\377\0002\000-\000e\000p\000o\000c\000h\000\040\000e\000x\000a\000m\000p\000l\000e}{section.2}% 6
\BOOKMARK [1][-]{section.3}{\376\377\000R\000u\000n\000t\000i\000m\000e}{}% 7
\BOOKMARK [1][-]{section.4}{\376\377\000I\000m\000p\000l\000e\000m\000e\000n\000t\000a\000t\000i\000o\000n}{}% 8
\BOOKMARK [1][-]{section.5}{\376\377\000C\000o\000d\000e\000\040\000e\000x\000a\000m\000p\000l\000e\000s}{}% 9
\BOOKMARK [2][-]{subsection.5.1}{\376\377\000M\000L\000E\000\040\000I\000n\000f\000e\000r\000e\000n\000c\000e}{section.5}% 10
\BOOKMARK [2][-]{subsection.5.2}{\376\377\000M\000o\000r\000e\000\040\000c\000o\000m\000p\000l\000e\000x\000\040\000m\000o\000m\000e\000n\000t\000s}{section.5}% 11
\BOOKMARK [1][-]{section.6}{\376\377\000D\000i\000s\000c\000u\000s\000s\000i\000o\000n}{}% 12
\BOOKMARK [1][-]{appendix.A}{\376\377\000T\000r\000a\000n\000s\000i\000t\000i\000o\000n\000\040\000R\000a\000t\000e\000s}{}% 13
\BOOKMARK [2][-]{subsection.A.1}{\376\377\000M\000i\000g\000r\000a\000t\000i\000o\000n}{appendix.A}% 14
\BOOKMARK [3][-]{subsubsection.A.1.1}{\376\377\000D\000e\000f\000a\000u\000l\000t\000\040\000S\000t\000a\000t\000e\000\040\000S\000p\000a\000c\000e}{subsection.A.1}% 15
\BOOKMARK [3][-]{subsubsection.A.1.2}{\376\377\000B\000l\000o\000c\000k\000-\000c\000o\000u\000n\000t\000i\000n\000g\000\040\000S\000t\000a\000t\000e\000\040\000S\000p\000a\000c\000e}{subsection.A.1}% 16
\BOOKMARK [2][-]{subsection.A.2}{\376\377\000B\000e\000t\000a\000\040\000C\000o\000a\000l\000e\000s\000c\000e\000n\000t}{appendix.A}% 17
\BOOKMARK [3][-]{subsubsection.A.2.1}{\376\377\000D\000e\000f\000a\000u\000l\000t\000\040\000S\000t\000a\000t\000e\000\040\000S\000p\000a\000c\000e}{subsection.A.2}% 18
\BOOKMARK [3][-]{subsubsection.A.2.2}{\376\377\000B\000l\000o\000c\000k\000-\000c\000o\000u\000n\000t\000i\000n\000g\000\040\000S\000t\000a\000t\000e\000\040\000S\000p\000a\000c\000e}{subsection.A.2}% 19
\BOOKMARK [2][-]{subsection.A.3}{\376\377\000D\000i\000r\000a\000c\000\040\000C\000o\000a\000l\000e\000s\000c\000e\000n\000t}{appendix.A}% 20
\BOOKMARK [3][-]{subsubsection.A.3.1}{\376\377\000D\000e\000f\000a\000u\000l\000t\000\040\000S\000t\000a\000t\000e\000\040\000S\000p\000a\000c\000e}{subsection.A.3}% 21
\BOOKMARK [3][-]{subsubsection.A.3.2}{\376\377\000B\000l\000o\000c\000k\000-\000c\000o\000u\000n\000t\000i\000n\000g\000\040\000S\000t\000a\000t\000e\000\040\000S\000p\000a\000c\000e}{subsection.A.3}% 22
\BOOKMARK [2][-]{subsection.A.4}{\376\377\000R\000e\000c\000o\000m\000b\000i\000n\000a\000t\000i\000o\000n}{appendix.A}% 23
\BOOKMARK [3][-]{subsubsection.A.4.1}{\376\377\000D\000e\000f\000a\000u\000l\000t\000\040\000S\000t\000a\000t\000e\000\040\000S\000p\000a\000c\000e}{subsection.A.4}% 24
\BOOKMARK [3][-]{subsubsection.A.4.2}{\376\377\000B\000l\000o\000c\000k\000-\000c\000o\000u\000n\000t\000i\000n\000g\000\040\000S\000t\000a\000t\000e\000\040\000S\000p\000a\000c\000e}{subsection.A.4}% 25
\BOOKMARK [1][-]{appendix.B}{\376\377\000S\000t\000a\000t\000e\000\040\000S\000p\000a\000c\000e\000\040\000S\000i\000z\000e}{}% 26
\BOOKMARK [1][-]{appendix.C}{\376\377\000R\000u\000n\000t\000i\000m\000e}{}% 27
